proguard-project.txt
# To enable ProGuard in your project, edit project.properties
# to define the proguard.config property as described in that file.
#
# Add project specific ProGuard rules here.
# By default, the flags in this file are appended to flags specified
# in ${sdk.dir}/tools/proguard/proguard-android.txt
# You can edit the include path and order by changing the ProGuard
# include property in project.properties.
#
# For more details, see
#   http://developer.android.com/guide/developing/tools/proguard.html

# Add any project specific keep options here:

# If your project uses WebView with JS, uncomment the following
# and specify the fully qualified class name to the JavaScript interface
# class:
#-keepclassmembers class fqcn.of.javascript.interface.for.webview {
#   public *;
#}

-libraryjars libs/chord-v1.0.0-20130327.jar
-libraryjars libs/devsmartandroid.jar
-libraryjars libs/guava-14.0.1.jar
-libraryjars libs/otto-1.3.4.jar
-libraryjars libs/android-support-v4.jar


###### Configurazioni per Guava ######
###### http://www.marvinlabs.com/2013/01/22/android-proguard-and-guavas-event-bus-component/ ####

-libraryjars libs/jsr305-2.0.1.jar
-libraryjars libs/javax.inject.jar

-dontwarn sun.misc.Unsafe
-dontwarn com.google.common.collect.MinMaxPriorityQueue

-keep,allowoptimization class com.google.inject.** { *; }
-keep,allowoptimization class javax.inject.** { *; }
-keep,allowoptimization class javax.annotation.** { *; }
-keep,allowoptimization class com.google.inject.Binder

-keepclasseswithmembers public class * {
    public static void main(java.lang.String[]);
}

-keepclassmembers,allowoptimization class com.google.common.* {
    void finalizeReferent();
    void startFinalizer(java.lang.Class,java.lang.Object);
}

-keepclassmembers class * {  
       @com.google.common.eventbus.Subscribe *;  
}