proguard/seeds.txt
com.google.common.primitives.Floats$LexicographicalComparator: com.google.common.primitives.Floats$LexicographicalComparator[] values()
com.google.common.primitives.Floats$LexicographicalComparator: com.google.common.primitives.Floats$LexicographicalComparator valueOf(java.lang.String)
com.google.common.primitives.Ints$LexicographicalComparator: com.google.common.primitives.Ints$LexicographicalComparator[] values()
com.google.common.primitives.Ints$LexicographicalComparator: com.google.common.primitives.Ints$LexicographicalComparator valueOf(java.lang.String)
com.google.common.primitives.Longs$LexicographicalComparator: com.google.common.primitives.Longs$LexicographicalComparator[] values()
com.google.common.primitives.Longs$LexicographicalComparator: com.google.common.primitives.Longs$LexicographicalComparator valueOf(java.lang.String)
com.google.common.primitives.Shorts$LexicographicalComparator: com.google.common.primitives.Shorts$LexicographicalComparator[] values()
com.google.common.primitives.Shorts$LexicographicalComparator: com.google.common.primitives.Shorts$LexicographicalComparator valueOf(java.lang.String)
com.google.common.primitives.SignedBytes$LexicographicalComparator: com.google.common.primitives.SignedBytes$LexicographicalComparator[] values()
com.google.common.primitives.SignedBytes$LexicographicalComparator: com.google.common.primitives.SignedBytes$LexicographicalComparator valueOf(java.lang.String)
com.google.common.primitives.UnsignedBytes$LexicographicalComparatorHolder$PureJavaComparator: com.google.common.primitives.UnsignedBytes$LexicographicalComparatorHolder$PureJavaComparator[] values()
com.google.common.primitives.UnsignedBytes$LexicographicalComparatorHolder$PureJavaComparator: com.google.common.primitives.UnsignedBytes$LexicographicalComparatorHolder$PureJavaComparator valueOf(java.lang.String)
com.google.common.primitives.UnsignedBytes$LexicographicalComparatorHolder$UnsafeComparator: com.google.common.primitives.UnsignedBytes$LexicographicalComparatorHolder$UnsafeComparator[] values()
com.google.common.primitives.UnsignedBytes$LexicographicalComparatorHolder$UnsafeComparator: com.google.common.primitives.UnsignedBytes$LexicographicalComparatorHolder$UnsafeComparator valueOf(java.lang.String)
com.google.common.primitives.UnsignedInts$LexicographicalComparator: com.google.common.primitives.UnsignedInts$LexicographicalComparator[] values()
com.google.common.primitives.UnsignedInts$LexicographicalComparator: com.google.common.primitives.UnsignedInts$LexicographicalComparator valueOf(java.lang.String)
com.google.common.primitives.UnsignedLongs$LexicographicalComparator: com.google.common.primitives.UnsignedLongs$LexicographicalComparator[] values()
com.google.common.primitives.UnsignedLongs$LexicographicalComparator: com.google.common.primitives.UnsignedLongs$LexicographicalComparator valueOf(java.lang.String)
com.google.common.reflect.TypeToken$TypeFilter: com.google.common.reflect.TypeToken$TypeFilter[] values()
com.google.common.reflect.TypeToken$TypeFilter: com.google.common.reflect.TypeToken$TypeFilter valueOf(java.lang.String)
com.google.common.reflect.Types$ClassOwnership: com.google.common.reflect.Types$ClassOwnership[] values()
com.google.common.reflect.Types$ClassOwnership: com.google.common.reflect.Types$ClassOwnership valueOf(java.lang.String)
com.google.common.reflect.Types$JavaVersion: com.google.common.reflect.Types$JavaVersion[] values()
com.google.common.reflect.Types$JavaVersion: com.google.common.reflect.Types$JavaVersion valueOf(java.lang.String)
com.google.common.util.concurrent.CycleDetectingLockFactory$Policies: com.google.common.util.concurrent.CycleDetectingLockFactory$Policies[] values()
com.google.common.util.concurrent.CycleDetectingLockFactory$Policies: com.google.common.util.concurrent.CycleDetectingLockFactory$Policies valueOf(java.lang.String)