proguard/usage.txt
com.google.common.collect.ForwardingNavigableSet$StandardDescendingSet
com.google.common.collect.ForwardingObject
com.google.common.collect.ForwardingQueue
com.google.common.collect.ForwardingSet
com.google.common.collect.ForwardingSetMultimap
com.google.common.collect.ForwardingSortedMap
com.google.common.collect.ForwardingSortedSet
com.google.common.collect.ForwardingSortedSetMultimap
com.google.common.collect.ForwardingTable
com.google.common.collect.GeneralRange
com.google.common.collect.GenericMapMaker
com.google.common.collect.GenericMapMaker$NullListener
com.google.common.collect.GwtTransient
com.google.common.collect.HashBasedTable
com.google.common.collect.HashBasedTable$Factory
com.google.common.collect.HashBiMap:
    private static final double LOAD_FACTOR
    private static final long serialVersionUID
    75:77:public static com.google.common.collect.HashBiMap create(java.util.Map)
    223:223:public java.lang.Object forcePut(java.lang.Object,java.lang.Object)
    658:660:private void writeObject(java.io.ObjectOutputStream)
    664:668:private void readObject(java.io.ObjectInputStream)
com.google.common.collect.HashBiMap$Inverse:
    523:523:public java.lang.Object forcePut(java.lang.Object,java.lang.Object)
    637:637:java.lang.Object writeReplace()
com.google.common.collect.HashBiMap$InverseSerializedForm
com.google.common.collect.HashMultimap
com.google.common.collect.HashMultiset
com.google.common.collect.Hashing:
    private static final int C1
    private static final int C2
    31:31:private Hashing()
com.google.common.collect.ImmutableAsList
com.google.common.collect.ImmutableAsList$SerializedForm
com.google.common.collect.ImmutableBiMap
com.google.common.collect.ImmutableBiMap$Builder
com.google.common.collect.ImmutableBiMap$SerializedForm
com.google.common.collect.ImmutableClassToInstanceMap
com.google.common.collect.ImmutableClassToInstanceMap$1
com.google.common.collect.ImmutableClassToInstanceMap$Builder
com.google.common.collect.ImmutableCollection
com.google.common.collect.ImmutableCollection$1
com.google.common.collect.ImmutableCollection$ArrayImmutableCollection
com.google.common.collect.ImmutableCollection$Builder
com.google.common.collect.ImmutableCollection$EmptyImmutableCollection
com.google.common.collect.ImmutableCollection$SerializedForm
com.google.common.collect.ImmutableEntry
com.google.common.collect.ImmutableEnumMap
com.google.common.collect.ImmutableEnumMap$1
com.google.common.collect.ImmutableEnumMap$2
com.google.common.collect.ImmutableEnumMap$2$1
com.google.common.collect.ImmutableEnumMap$EnumSerializedForm
com.google.common.collect.ImmutableEnumSet
com.google.common.collect.ImmutableEnumSet$1
com.google.common.collect.ImmutableEnumSet$EnumSerializedForm
com.google.common.collect.ImmutableList
com.google.common.collect.ImmutableList$1
com.google.common.collect.ImmutableList$Builder
com.google.common.collect.ImmutableList$ReverseImmutableList
com.google.common.collect.ImmutableList$ReverseImmutableList$1
com.google.common.collect.ImmutableList$SerializedForm
com.google.common.collect.ImmutableList$SubList
com.google.common.collect.ImmutableListMultimap
com.google.common.collect.ImmutableListMultimap$Builder
com.google.common.collect.ImmutableMap
com.google.common.collect.ImmutableMap$1MapViewOfValuesAsSingletonSets
com.google.common.collect.ImmutableMap$1MapViewOfValuesAsSingletonSets$1
com.google.common.collect.ImmutableMap$1MapViewOfValuesAsSingletonSets$1$1
com.google.common.collect.ImmutableMap$1MapViewOfValuesAsSingletonSets$1$1$1
com.google.common.collect.ImmutableMap$Builder
com.google.common.collect.ImmutableMap$SerializedForm
com.google.common.collect.ImmutableMapEntrySet
com.google.common.collect.ImmutableMapEntrySet$EntrySetSerializedForm
com.google.common.collect.ImmutableMapKeySet
com.google.common.collect.ImmutableMapKeySet$1
com.google.common.collect.ImmutableMapKeySet$KeySetSerializedForm
com.google.common.collect.ImmutableMapValues